#
# A fatal error has been detected by the Java Runtime Environment:
#
#  EXCEPTION_ACCESS_VIOLATION (0xc0000005) at pc=0x00007ff8d4b96700, pid=11564, tid=1308
#
# JRE version: OpenJDK Runtime Environment (11.0.4+10) (build 11.0.4+10-b520.11)
# Java VM: OpenJDK 64-Bit Server VM (11.0.4+10-b520.11, mixed mode, sharing, tiered, compressed oops, g1 gc, windows-amd64)
# Problematic frame:
# C  [glass.dll+0x26700]
#
# No core dump will be written. Minidumps are not enabled by default on client versions of Windows
#
# If you would like to submit a bug report, please visit:
#   http://bugreport.java.com/bugreport/crash.jsp
#

---------------  S U M M A R Y ------------

Command Line: -javaagent:C:\Program Files\IntelliJ IDEA 2019.3\lib\idea_rt.jar=55837:C:\Program Files\IntelliJ IDEA 2019.3\bin -Dfile.encoding=UTF-8 Main.Main

Host: Intel(R) Core(TM) i5-4690K CPU @ 3.50GHz, 4 cores, 7G,  Windows 10 , 64 bit Build 18362 (10.0.18362.329)
Time: Sat Dec 14 18:10:20 2019 Aaea?onu (ceia) elapsed time: 15 seconds (0d 0h 0m 15s)

---------------  T H R E A D  ---------------

Current thread (0x000002a62b964000):  VMThread "VM Thread" [stack: 0x000000f082700000,0x000000f082800000] [id=1308]

Stack: [0x000000f082700000,0x000000f082800000],  sp=0x000000f0827ff220,  free space=1020k
Native frames: (J=compiled Java code, j=interpreted, Vv=VM code, C=native code)
C  [glass.dll+0x26700]


siginfo: EXCEPTION_ACCESS_VIOLATION (0xc0000005), reading address 0x0000000000000000


Register to memory mapping:

RIP=0x00007ff8d4b96700 glass.dll
RAX=0x0 is NULL
RBX=0x000002a62b9746d0 is a global jni handle
RCX=0x000002a62b964000 points into unknown readable memory: 30 41 46 bb f8 7f 00 00
RDX=0x000000f0827ff220 points into unknown readable memory: 00 00 00 00 00 00 00 00
RSP=0x000000f0827ff220 points into unknown readable memory: 00 00 00 00 00 00 00 00
RBP=0x000002a62c868718 points into unknown readable memory: 97 77 88 e4 4f 5b 00 00
RSI=0x000002a62c8686f0 points into unknown readable memory: a8 77 88 fa d4 07 6a fc
RDI=0x00005b4fe4887797 is an unknown value
R8 =0x0000000000010002 is an unknown value
R9 =0x00005b4fe4887797 is an unknown value
R10=0x0000000000008000 is an unknown value
R11=0x000000f0827ff1c0 points into unknown readable memory: f0 86 86 2c a6 02 00 00
R12=0x00007ff8d4b93b54 glass.dll
R13=0x00007ff8bb5faca0 jvm.dll
R14=0x000000f0827ff328 points into unknown readable memory: 10 f3 7f 82 f0 00 00 00
R15=0x000002a62c8686f0 points into unknown readable memory: a8 77 88 fa d4 07 6a fc


Registers:
RAX=0x0000000000000000, RBX=0x000002a62b9746d0, RCX=0x000002a62b964000, RDX=0x000000f0827ff220
RSP=0x000000f0827ff220, RBP=0x000002a62c868718, RSI=0x000002a62c8686f0, RDI=0x00005b4fe4887797
R8 =0x0000000000010002, R9 =0x00005b4fe4887797, R10=0x0000000000008000, R11=0x000000f0827ff1c0
R12=0x00007ff8d4b93b54, R13=0x00007ff8bb5faca0, R14=0x000000f0827ff328, R15=0x000002a62c8686f0
RIP=0x00007ff8d4b96700, EFLAGS=0x0000000000010206

Top of Stack: (sp=0x000000f0827ff220)
0x000000f0827ff220:   0000000000000000 00007ff8f72a14cb
0x000000f0827ff230:   000002a62c868700 000002a62c8686f0
0x000000f0827ff240:   fffffffffffffffe 00007ff8d4baa1a0
0x000000f0827ff250:   000002a62c8686f8 00007ff8f72a9d06
0x000000f0827ff260:   000002a62c868700 000002a600000000
0x000000f0827ff270:   0000000000000000 00007ff8f72a9f46
0x000000f0827ff280:   fffffffffffffffe 0000000000000000
0x000000f0827ff290:   0000000000000001 00007ff8d4b70000
0x000000f0827ff2a0:   000000f0827ff318 00007ff8f72a9c2b
0x000000f0827ff2b0:   0000000000000000 000000f0827ff328
0x000000f0827ff2c0:   000000f0827ff5e0 00007ff8f737bc20
0x000000f0827ff2d0:   0000000000000000 00007ff8f72a9be4
0x000000f0827ff2e0:   0000000000000000 0000000000000001
0x000000f0827ff2f0:   00007ff80000000d 000000f0827ff318
0x000000f0827ff300:   0000000000000000 00007ff8d4b939e2
0x000000f0827ff310:   00007ff8d4bad108 00007ff800000002 

Instructions: (pc=0x00007ff8d4b96700)
0x00007ff8d4b96600:   8b 4d 60 e8 58 c9 ff ff 48 8b 55 68 48 8b 8d 08
0x00007ff8d4b96610:   01 00 00 e8 09 be ff ff 33 d2 33 c9 e8 49 de ff
0x00007ff8d4b96620:   ff 90 cc cc cc cc cc cc cc cc cc cc cc cc cc cc
0x00007ff8d4b96630:   48 8d 8a 80 00 00 00 e9 84 e8 fe ff 48 89 54 24
0x00007ff8d4b96640:   10 55 48 83 ec 20 48 8b ea 48 8d 05 9d ca ff ff
0x00007ff8d4b96650:   48 83 c4 20 5d c3 cc 40 55 48 8b ea 48 8b 01 33
0x00007ff8d4b96660:   c9 81 38 05 00 00 c0 0f 94 c1 8b c1 5d c3 cc 40
0x00007ff8d4b96670:   55 48 83 ec 20 48 8b ea 8a 4d 40 48 83 c4 20 5d
0x00007ff8d4b96680:   e9 9f cd ff ff cc 40 55 48 83 ec 20 48 8b ea e8
0x00007ff8d4b96690:   bc cb ff ff 8a 4d 38 48 83 c4 20 5d e9 83 cd ff
0x00007ff8d4b966a0:   ff cc 40 55 48 83 ec 30 48 8b ea 48 8b 01 8b 10
0x00007ff8d4b966b0:   48 89 4c 24 28 89 54 24 20 4c 8d 0d 64 d1 ff ff
0x00007ff8d4b966c0:   4c 8b 45 70 8b 55 68 48 8b 4d 60 e8 f0 ca ff ff
0x00007ff8d4b966d0:   90 48 83 c4 30 5d c3 cc cc cc cc cc cc cc cc cc
0x00007ff8d4b966e0:   40 53 48 83 ec 30 48 c7 44 24 20 fe ff ff ff 48
0x00007ff8d4b966f0:   8b 1d 1a 64 01 00 48 85 db 74 16 e8 e0 85 ff ff
0x00007ff8d4b96700:   4c 8b 00 48 8b d3 48 8b c8 41 ff 90 b0 00 00 00
0x00007ff8d4b96710:   90 48 83 c4 30 5b c3 cc cc cc cc cc cc cc cc cc
0x00007ff8d4b96720:   40 53 48 83 ec 20 48 8b 1d 7b 65 01 00 48 85 db
0x00007ff8d4b96730:   74 57 b8 ff ff ff ff f0 0f c1 43 10 83 f8 01 75
0x00007ff8d4b96740:   3d 48 85 db 74 38 48 8b 0b 48 85 c9 74 0d ff 15
0x00007ff8d4b96750:   5c 0b 00 00 48 c7 03 00 00 00 00 48 8b 4b 08 48
0x00007ff8d4b96760:   85 c9 74 0d e8 f7 c7 ff ff 48 c7 43 08 00 00 00
0x00007ff8d4b96770:   00 ba 18 00 00 00 48 8b cb e8 e2 c7 ff ff 48 c7
0x00007ff8d4b96780:   05 1f 65 01 00 00 00 00 00 48 83 c4 20 5b c3 cc
0x00007ff8d4b96790:   40 53 48 83 ec 20 48 8b 1d eb 64 01 00 48 85 db
0x00007ff8d4b967a0:   74 57 b8 ff ff ff ff f0 0f c1 43 10 83 f8 01 75
0x00007ff8d4b967b0:   3d 48 85 db 74 38 48 8b 0b 48 85 c9 74 0d ff 15
0x00007ff8d4b967c0:   ec 0a 00 00 48 c7 03 00 00 00 00 48 8b 4b 08 48
0x00007ff8d4b967d0:   85 c9 74 0d e8 87 c7 ff ff 48 c7 43 08 00 00 00
0x00007ff8d4b967e0:   00 ba 18 00 00 00 48 8b cb e8 72 c7 ff ff 48 c7
0x00007ff8d4b967f0:   05 8f 64 01 00 00 00 00 00 48 83 c4 20 5b c3 cc 


Stack slot to memory mapping:
stack at sp + 0 slots: 0x0 is NULL
stack at sp + 1 slots: 0x00007ff8f72a14cb ucrtbase.dll
stack at sp + 2 slots: 0x000002a62c868700 points into unknown readable memory: 97 77 88 e4 4f 5b 00 00
stack at sp + 3 slots: 0x000002a62c8686f0 points into unknown readable memory: a8 77 88 fa d4 07 6a fc
stack at sp + 4 slots: 0xfffffffffffffffe is an unknown value
stack at sp + 5 slots: 0x00007ff8d4baa1a0 glass.dll
stack at sp + 6 slots: 0x000002a62c8686f8 points into unknown readable memory: 97 77 88 e4 4f 5b 00 00
stack at sp + 7 slots: 0x00007ff8f72a9d06 ucrtbase.dll

VM_Operation (0x000000f0837f8ad0): Exit, mode: safepoint, requested by thread 0x000002a62c94e800


---------------  P R O C E S S  ---------------

Threads class SMR info:
_java_thread_list=0x000002a638a9bd80, length=21, elements={
0x000002a611279800, 0x000002a62b967800, 0x000002a62b969000, 0x000002a62b988800,
0x000002a62b98b800, 0x000002a62b98e000, 0x000002a62b9a0000, 0x000002a62c3ec800,
0x000002a62c588800, 0x000002a62c4ba800, 0x000002a62c821000, 0x000002a62c83a800,
0x000002a62c94e800, 0x000002a62c565000, 0x000002a62c604000, 0x000002a633d69800,
0x000002a62ccb0800, 0x000002a633f90000, 0x000002a6341dc000, 0x000002a6341db000,
0x000002a6341dc800
}

Java Threads: ( => current thread )
  0x000002a611279800 JavaThread "main" [_thread_blocked, id=11044, stack(0x000000f082100000,0x000000f082200000)]
  0x000002a62b967800 JavaThread "Reference Handler" daemon [_thread_blocked, id=3052, stack(0x000000f082800000,0x000000f082900000)]
  0x000002a62b969000 JavaThread "Finalizer" daemon [_thread_blocked, id=6112, stack(0x000000f082900000,0x000000f082a00000)]
  0x000002a62b988800 JavaThread "Attach Listener" daemon [_thread_blocked, id=4768, stack(0x000000f082b00000,0x000000f082c00000)]
  0x000002a62b98b800 JavaThread "C2 CompilerThread0" daemon [_thread_blocked, id=3892, stack(0x000000f082c00000,0x000000f082d00000)]
  0x000002a62b98e000 JavaThread "C1 CompilerThread0" daemon [_thread_blocked, id=4196, stack(0x000000f082d00000,0x000000f082e00000)]
  0x000002a62b9a0000 JavaThread "Sweeper thread" daemon [_thread_blocked, id=4152, stack(0x000000f082e00000,0x000000f082f00000)]
  0x000002a62c3ec800 JavaThread "Common-Cleaner" daemon [_thread_blocked, id=7516, stack(0x000000f082f00000,0x000000f083000000)]
  0x000002a62c588800 JavaThread "Monitor Ctrl-Break" daemon [_thread_in_native, id=6860, stack(0x000000f083000000,0x000000f083100000)]
  0x000002a62c4ba800 JavaThread "Service Thread" daemon [_thread_blocked, id=10508, stack(0x000000f083100000,0x000000f083200000)]
  0x000002a62c821000 JavaThread "QuantumRenderer-0" daemon [_thread_blocked, id=2508, stack(0x000000f083300000,0x000000f083400000)]
  0x000002a62c83a800 JavaThread "InvokeLaterDispatcher" daemon [_thread_blocked, id=5124, stack(0x000000f083600000,0x000000f083700000)]
  0x000002a62c94e800 JavaThread "JavaFX Application Thread" [_thread_blocked, id=5980, stack(0x000000f083700000,0x000000f083800000)]
  0x000002a62c565000 JavaThread "JavaFX-Launcher" [_thread_blocked, id=5308, stack(0x000000f083a10000,0x000000f083b10000)]
  0x000002a62c604000 JavaThread "Thread-2" daemon [_thread_in_native, id=2104, stack(0x000000f083910000,0x000000f083a10000)]
  0x000002a633d69800 JavaThread "Java2D Disposer" daemon [_thread_blocked, id=11104, stack(0x000000f083f10000,0x000000f084010000)]
  0x000002a62ccb0800 JavaThread "Prism Font Disposer" daemon [_thread_blocked, id=10572, stack(0x000000f084010000,0x000000f084110000)]
  0x000002a633f90000 JavaThread "Cleaner-0" daemon [_thread_blocked, id=6532, stack(0x000000f084550000,0x000000f084650000)]
  0x000002a6341dc000 JavaThread "mysql-cj-abandoned-connection-cleanup" daemon [_thread_blocked, id=10276, stack(0x000000f084760000,0x000000f084860000)]
  0x000002a6341db000 JavaThread "Hibernate Connection Pool Validation Thread" daemon [_thread_blocked, id=9692, stack(0x000000f084860000,0x000000f084960000)]
  0x000002a6341dc800 JavaThread "Glass/Prism Shutdown Hook" [_thread_blocked, id=11328, stack(0x000000f084960000,0x000000f084a60000)]

Other Threads:
=>0x000002a62b964000 VMThread "VM Thread" [stack: 0x000000f082700000,0x000000f082800000] [id=1308]
  0x000002a61128f800 GCTaskThread "GC Thread#0" [stack: 0x000000f082200000,0x000000f082300000] [id=9168]
  0x000002a62cc4c800 GCTaskThread "GC Thread#1" [stack: 0x000000f083b10000,0x000000f083c10000] [id=7276]
  0x000002a62c585000 GCTaskThread "GC Thread#2" [stack: 0x000000f083c10000,0x000000f083d10000] [id=4184]
  0x000002a62c586000 GCTaskThread "GC Thread#3" [stack: 0x000000f083d10000,0x000000f083e10000] [id=5972]
  0x000002a6112c1800 ConcurrentGCThread "G1 Main Marker" [stack: 0x000000f082300000,0x000000f082400000] [id=1752]
  0x000002a6112c3800 ConcurrentGCThread "G1 Conc#0" [stack: 0x000000f082400000,0x000000f082500000] [id=11220]
  0x000002a62b7f6800 ConcurrentGCThread "G1 Refine#0" [stack: 0x000000f082500000,0x000000f082600000] [id=10232]
  0x000002a62b7f9800 ConcurrentGCThread "G1 Young RemSet Sampling" [stack: 0x000000f082600000,0x000000f082700000] [id=10524]

Threads with active compile tasks:
C2 CompilerThread03669       4       jdk.internal.org.objectweb.asm.Type::getArgumentsAndReturnSizes (151 bytes)
C1 CompilerThread03671   !   3       java.util.logging.LogManager$LoggerContext::findLogger (113 bytes)

VM state:at safepoint (shutting down)

VM Mutex/Monitor currently owned by a thread:  ([mutex/lock_event])
[0x000002a6112769f0] Threads_lock - owner thread: 0x000002a62b964000

Heap address: 0x0000000080c00000, size: 2036 MB, Compressed Oops mode: 32-bit
Narrow klass base: 0x0000000800000000, Narrow klass shift: 3
Compressed class space size: 1073741824 Address: 0x0000000840000000

Heap:
 garbage-first heap   total 131072K, used 53300K [0x0000000080c00000, 0x0000000100000000)
  region size 1024K, 43 young (44032K), 6 survivors (6144K)
 Metaspace       used 45280K, capacity 46185K, committed 46512K, reserved 1089536K
  class space    used 6142K, capacity 6544K, committed 6656K, reserved 1048576K
Heap Regions: E=young(eden), S=young(survivor), O=old, HS=humongous(starts), HC=humongous(continues), CS=collection set, F=free, A=archive, TAMS=top-at-mark-start (previous, next)
|   0|0x0000000080c00000, 0x0000000080d00000, 0x0000000080d00000|100%|HS|  |TAMS 0x0000000080d00000, 0x0000000080c00000| Complete 
|   1|0x0000000080d00000, 0x0000000080e00000, 0x0000000080e00000|100%| O|  |TAMS 0x0000000080e00000, 0x0000000080d00000| Untracked 
|   2|0x0000000080e00000, 0x0000000080f00000, 0x0000000080f00000|100%| O|  |TAMS 0x0000000080f00000, 0x0000000080e00000| Untracked 
|   3|0x0000000080f00000, 0x0000000081000000, 0x0000000081000000|100%|HS|  |TAMS 0x0000000081000000, 0x0000000080f00000| Complete 
|   4|0x0000000081000000, 0x0000000081100000, 0x0000000081100000|100%|HC|  |TAMS 0x0000000081100000, 0x0000000081000000| Complete 
|   5|0x0000000081100000, 0x0000000081200000, 0x0000000081200000|100%| O|  |TAMS 0x0000000081200000, 0x0000000081100000| Untracked 
|   6|0x0000000081200000, 0x0000000081300000, 0x0000000081300000|100%| O|  |TAMS 0x0000000081300000, 0x0000000081200000| Untracked 
|   7|0x0000000081300000, 0x0000000081400000, 0x0000000081400000|100%| O|  |TAMS 0x0000000081400000, 0x0000000081300000| Untracked 
|   8|0x0000000081400000, 0x0000000081500000, 0x0000000081500000|100%| O|  |TAMS 0x0000000081500000, 0x0000000081400000| Untracked 
|   9|0x0000000081500000, 0x0000000081600000, 0x0000000081600000|100%| O|  |TAMS 0x0000000081600000, 0x0000000081500000| Untracked 
|  10|0x0000000081600000, 0x00000000816abe00, 0x0000000081700000| 67%| O|  |TAMS 0x00000000816abe00, 0x0000000081600000| Untracked 
|  11|0x0000000081700000, 0x0000000081700000, 0x0000000081800000|  0%| F|  |TAMS 0x0000000081700000, 0x0000000081700000| Untracked 
|  12|0x0000000081800000, 0x0000000081800000, 0x0000000081900000|  0%| F|  |TAMS 0x0000000081800000, 0x0000000081800000| Untracked 
|  13|0x0000000081900000, 0x0000000081900000, 0x0000000081a00000|  0%| F|  |TAMS 0x0000000081900000, 0x0000000081900000| Untracked 
|  14|0x0000000081a00000, 0x0000000081a00000, 0x0000000081b00000|  0%| F|  |TAMS 0x0000000081a00000, 0x0000000081a00000| Untracked 
|  15|0x0000000081b00000, 0x0000000081b00000, 0x0000000081c00000|  0%| F|  |TAMS 0x0000000081b00000, 0x0000000081b00000| Untracked 
|  16|0x0000000081c00000, 0x0000000081c00000, 0x0000000081d00000|  0%| F|  |TAMS 0x0000000081c00000, 0x0000000081c00000| Untracked 
|  17|0x0000000081d00000, 0x0000000081d00000, 0x0000000081e00000|  0%| F|  |TAMS 0x0000000081d00000, 0x0000000081d00000| Untracked 
|  18|0x0000000081e00000, 0x0000000081e00000, 0x0000000081f00000|  0%| F|  |TAMS 0x0000000081e00000, 0x0000000081e00000| Untracked 
|  19|0x0000000081f00000, 0x0000000081f00000, 0x0000000082000000|  0%| F|  |TAMS 0x0000000081f00000, 0x0000000081f00000| Untracked 
|  20|0x0000000082000000, 0x0000000082000000, 0x0000000082100000|  0%| F|  |TAMS 0x0000000082000000, 0x0000000082000000| Untracked 
|  21|0x0000000082100000, 0x0000000082100000, 0x0000000082200000|  0%| F|  |TAMS 0x0000000082100000, 0x0000000082100000| Untracked 
|  22|0x0000000082200000, 0x0000000082200000, 0x0000000082300000|  0%| F|  |TAMS 0x0000000082200000, 0x0000000082200000| Untracked 
|  23|0x0000000082300000, 0x0000000082300000, 0x0000000082400000|  0%| F|  |TAMS 0x0000000082300000, 0x0000000082300000| Untracked 
|  24|0x0000000082400000, 0x0000000082400000, 0x0000000082500000|  0%| F|  |TAMS 0x0000000082400000, 0x0000000082400000| Untracked 
|  25|0x0000000082500000, 0x0000000082500000, 0x0000000082600000|  0%| F|  |TAMS 0x0000000082500000, 0x0000000082500000| Untracked 
|  26|0x0000000082600000, 0x0000000082600000, 0x0000000082700000|  0%| F|  |TAMS 0x0000000082600000, 0x0000000082600000| Untracked 
|  27|0x0000000082700000, 0x0000000082700000, 0x0000000082800000|  0%| F|  |TAMS 0x0000000082700000, 0x0000000082700000| Untracked 
|  28|0x0000000082800000, 0x0000000082800000, 0x0000000082900000|  0%| F|  |TAMS 0x0000000082800000, 0x0000000082800000| Untracked 
|  29|0x0000000082900000, 0x0000000082900000, 0x0000000082a00000|  0%| F|  |TAMS 0x0000000082900000, 0x0000000082900000| Untracked 
|  30|0x0000000082a00000, 0x0000000082a00000, 0x0000000082b00000|  0%| F|  |TAMS 0x0000000082a00000, 0x0000000082a00000| Untracked 
|  31|0x0000000082b00000, 0x0000000082b00000, 0x0000000082c00000|  0%| F|  |TAMS 0x0000000082b00000, 0x0000000082b00000| Untracked 
|  32|0x0000000082c00000, 0x0000000082c00000, 0x0000000082d00000|  0%| F|  |TAMS 0x0000000082c00000, 0x0000000082c00000| Untracked 
|  33|0x0000000082d00000, 0x0000000082d00000, 0x0000000082e00000|  0%| F|  |TAMS 0x0000000082d00000, 0x0000000082d00000| Untracked 
|  34|0x0000000082e00000, 0x0000000082e00000, 0x0000000082f00000|  0%| F|  |TAMS 0x0000000082e00000, 0x0000000082e00000| Untracked 
|  35|0x0000000082f00000, 0x0000000082f00000, 0x0000000083000000|  0%| F|  |TAMS 0x0000000082f00000, 0x0000000082f00000| Untracked 
|  36|0x0000000083000000, 0x0000000083000000, 0x0000000083100000|  0%| F|  |TAMS 0x0000000083000000, 0x0000000083000000| Untracked 
|  37|0x0000000083100000, 0x0000000083100000, 0x0000000083200000|  0%| F|  |TAMS 0x0000000083100000, 0x0000000083100000| Untracked 
|  38|0x0000000083200000, 0x0000000083200000, 0x0000000083300000|  0%| F|  |TAMS 0x0000000083200000, 0x0000000083200000| Untracked 
|  39|0x0000000083300000, 0x0000000083300000, 0x0000000083400000|  0%| F|  |TAMS 0x0000000083300000, 0x0000000083300000| Untracked 
|  40|0x0000000083400000, 0x0000000083400000, 0x0000000083500000|  0%| F|  |TAMS 0x0000000083400000, 0x0000000083400000| Untracked 
|  41|0x0000000083500000, 0x0000000083500000, 0x0000000083600000|  0%| F|  |TAMS 0x0000000083500000, 0x0000000083500000| Untracked 
|  42|0x0000000083600000, 0x0000000083600000, 0x0000000083700000|  0%| F|  |TAMS 0x0000000083600000, 0x0000000083600000| Untracked 
|  43|0x0000000083700000, 0x0000000083700000, 0x0000000083800000|  0%| F|  |TAMS 0x0000000083700000, 0x0000000083700000| Untracked 
|  44|0x0000000083800000, 0x0000000083800000, 0x0000000083900000|  0%| F|  |TAMS 0x0000000083800000, 0x0000000083800000| Untracked 
|  45|0x0000000083900000, 0x0000000083900000, 0x0000000083a00000|  0%| F|  |TAMS 0x0000000083900000, 0x0000000083900000| Untracked 
|  46|0x0000000083a00000, 0x0000000083a00000, 0x0000000083b00000|  0%| F|  |TAMS 0x0000000083a00000, 0x0000000083a00000| Untracked 
|  47|0x0000000083b00000, 0x0000000083b00000, 0x0000000083c00000|  0%| F|  |TAMS 0x0000000083b00000, 0x0000000083b00000| Untracked 
|  48|0x0000000083c00000, 0x0000000083c00000, 0x0000000083d00000|  0%| F|  |TAMS 0x0000000083c00000, 0x0000000083c00000| Untracked 
|  49|0x0000000083d00000, 0x0000000083d00000, 0x0000000083e00000|  0%| F|  |TAMS 0x0000000083d00000, 0x0000000083d00000| Untracked 
|  50|0x0000000083e00000, 0x0000000083e00000, 0x0000000083f00000|  0%| F|  |TAMS 0x0000000083e00000, 0x0000000083e00000| Untracked 
|  51|0x0000000083f00000, 0x0000000083f00000, 0x0000000084000000|  0%| F|  |TAMS 0x0000000083f00000, 0x0000000083f00000| Untracked 
|  52|0x0000000084000000, 0x0000000084000000, 0x0000000084100000|  0%| F|  |TAMS 0x0000000084000000, 0x0000000084000000| Untracked 
|  53|0x0000000084100000, 0x0000000084100000, 0x0000000084200000|  0%| F|  |TAMS 0x0000000084100000, 0x0000000084100000| Untracked 
|  54|0x0000000084200000, 0x0000000084200000, 0x0000000084300000|  0%| F|  |TAMS 0x0000000084200000, 0x0000000084200000| Untracked 
|  55|0x0000000084300000, 0x0000000084300000, 0x0000000084400000|  0%| F|  |TAMS 0x0000000084300000, 0x0000000084300000| Untracked 
|  56|0x0000000084400000, 0x0000000084400000, 0x0000000084500000|  0%| F|  |TAMS 0x0000000084400000, 0x0000000084400000| Untracked 
|  57|0x0000000084500000, 0x0000000084500000, 0x0000000084600000|  0%| F|  |TAMS 0x0000000084500000, 0x0000000084500000| Untracked 
|  58|0x0000000084600000, 0x0000000084600000, 0x0000000084700000|  0%| F|  |TAMS 0x0000000084600000, 0x0000000084600000| Untracked 
|  59|0x0000000084700000, 0x0000000084700000, 0x0000000084800000|  0%| F|  |TAMS 0x0000000084700000, 0x0000000084700000| Untracked 
|  60|0x0000000084800000, 0x0000000084800000, 0x0000000084900000|  0%| F|  |TAMS 0x0000000084800000, 0x0000000084800000| Untracked 
|  61|0x0000000084900000, 0x0000000084900000, 0x0000000084a00000|  0%| F|  |TAMS 0x0000000084900000, 0x0000000084900000| Untracked 
|  62|0x0000000084a00000, 0x0000000084a00000, 0x0000000084b00000|  0%| F|  |TAMS 0x0000000084a00000, 0x0000000084a00000| Untracked 
|  63|0x0000000084b00000, 0x0000000084b00000, 0x0000000084c00000|  0%| F|  |TAMS 0x0000000084b00000, 0x0000000084b00000| Untracked 
|  64|0x0000000084c00000, 0x0000000084c00000, 0x0000000084d00000|  0%| F|  |TAMS 0x0000000084c00000, 0x0000000084c00000| Untracked 
|  65|0x0000000084d00000, 0x0000000084d00000, 0x0000000084e00000|  0%| F|  |TAMS 0x0000000084d00000, 0x0000000084d00000| Untracked 
|  66|0x0000000084e00000, 0x0000000084e00000, 0x0000000084f00000|  0%| F|  |TAMS 0x0000000084e00000, 0x0000000084e00000| Untracked 
|  67|0x0000000084f00000, 0x0000000084f00000, 0x0000000085000000|  0%| F|  |TAMS 0x0000000084f00000, 0x0000000084f00000| Untracked 
|  68|0x0000000085000000, 0x0000000085000000, 0x0000000085100000|  0%| F|  |TAMS 0x0000000085000000, 0x0000000085000000| Untracked 
|  69|0x0000000085100000, 0x0000000085100000, 0x0000000085200000|  0%| F|  |TAMS 0x0000000085100000, 0x0000000085100000| Untracked 
|  70|0x0000000085200000, 0x0000000085200000, 0x0000000085300000|  0%| F|  |TAMS 0x0000000085200000, 0x0000000085200000| Untracked 
|  71|0x0000000085300000, 0x0000000085300000, 0x0000000085400000|  0%| F|  |TAMS 0x0000000085300000, 0x0000000085300000| Untracked 
|  72|0x0000000085400000, 0x0000000085400000, 0x0000000085500000|  0%| F|  |TAMS 0x0000000085400000, 0x0000000085400000| Untracked 
|  73|0x0000000085500000, 0x0000000085500000, 0x0000000085600000|  0%| F|  |TAMS 0x0000000085500000, 0x0000000085500000| Untracked 
|  74|0x0000000085600000, 0x0000000085600000, 0x0000000085700000|  0%| F|  |TAMS 0x0000000085600000, 0x0000000085600000| Untracked 
|  75|0x0000000085700000, 0x0000000085700000, 0x0000000085800000|  0%| F|  |TAMS 0x0000000085700000, 0x0000000085700000| Untracked 
|  76|0x0000000085800000, 0x0000000085800000, 0x0000000085900000|  0%| F|  |TAMS 0x0000000085800000, 0x0000000085800000| Untracked 
|  77|0x0000000085900000, 0x0000000085900000, 0x0000000085a00000|  0%| F|  |TAMS 0x0000000085900000, 0x0000000085900000| Untracked 
|  78|0x0000000085a00000, 0x0000000085a00000, 0x0000000085b00000|  0%| F|  |TAMS 0x0000000085a00000, 0x0000000085a00000| Untracked 
|  79|0x0000000085b00000, 0x0000000085b61490, 0x0000000085c00000| 38%| S|CS|TAMS 0x0000000085b00000, 0x0000000085b00000| Complete 
|  80|0x0000000085c00000, 0x0000000085d00000, 0x0000000085d00000|100%| S|CS|TAMS 0x0000000085c00000, 0x0000000085c00000| Complete 
|  81|0x0000000085d00000, 0x0000000085e00000, 0x0000000085e00000|100%| S|CS|TAMS 0x0000000085d00000, 0x0000000085d00000| Complete 
|  82|0x0000000085e00000, 0x0000000085f00000, 0x0000000085f00000|100%| S|CS|TAMS 0x0000000085e00000, 0x0000000085e00000| Complete 
|  83|0x0000000085f00000, 0x0000000086000000, 0x0000000086000000|100%| S|CS|TAMS 0x0000000085f00000, 0x0000000085f00000| Complete 
|  84|0x0000000086000000, 0x0000000086100000, 0x0000000086100000|100%| S|CS|TAMS 0x0000000086000000, 0x0000000086000000| Complete 
|  85|0x0000000086100000, 0x0000000086100000, 0x0000000086200000|  0%| F|  |TAMS 0x0000000086100000, 0x0000000086100000| Untracked 
|  86|0x0000000086200000, 0x0000000086200000, 0x0000000086300000|  0%| F|  |TAMS 0x0000000086200000, 0x0000000086200000| Untracked 
|  87|0x0000000086300000, 0x0000000086300000, 0x0000000086400000|  0%| F|  |TAMS 0x0000000086300000, 0x0000000086300000| Untracked 
|  88|0x0000000086400000, 0x0000000086400000, 0x0000000086500000|  0%| F|  |TAMS 0x0000000086400000, 0x0000000086400000| Untracked 
|  89|0x0000000086500000, 0x0000000086500000, 0x0000000086600000|  0%| F|  |TAMS 0x0000000086500000, 0x0000000086500000| Untracked 
|  90|0x0000000086600000, 0x0000000086600000, 0x0000000086700000|  0%| F|  |TAMS 0x0000000086600000, 0x0000000086600000| Untracked 
|  91|0x0000000086700000, 0x000000008674e958, 0x0000000086800000| 30%| E|  |TAMS 0x0000000086700000, 0x0000000086700000| Complete 
|  92|0x0000000086800000, 0x0000000086900000, 0x0000000086900000|100%| E|CS|TAMS 0x0000000086800000, 0x0000000086800000| Complete 
|  93|0x0000000086900000, 0x0000000086a00000, 0x0000000086a00000|100%| E|CS|TAMS 0x0000000086900000, 0x0000000086900000| Complete 
|  94|0x0000000086a00000, 0x0000000086b00000, 0x0000000086b00000|100%| E|CS|TAMS 0x0000000086a00000, 0x0000000086a00000| Complete 
|  95|0x0000000086b00000, 0x0000000086c00000, 0x0000000086c00000|100%| E|CS|TAMS 0x0000000086b00000, 0x0000000086b00000| Complete 
|  96|0x0000000086c00000, 0x0000000086d00000, 0x0000000086d00000|100%| E|CS|TAMS 0x0000000086c00000, 0x0000000086c00000| Complete 
|  97|0x0000000086d00000, 0x0000000086e00000, 0x0000000086e00000|100%| E|CS|TAMS 0x0000000086d00000, 0x0000000086d00000| Complete 
|  98|0x0000000086e00000, 0x0000000086f00000, 0x0000000086f00000|100%| E|CS|TAMS 0x0000000086e00000, 0x0000000086e00000| Complete 
|  99|0x0000000086f00000, 0x0000000087000000, 0x0000000087000000|100%| E|CS|TAMS 0x0000000086f00000, 0x0000000086f00000| Complete 
| 100|0x0000000087000000, 0x0000000087100000, 0x0000000087100000|100%| E|CS|TAMS 0x0000000087000000, 0x0000000087000000| Complete 
| 101|0x0000000087100000, 0x0000000087200000, 0x0000000087200000|100%| E|CS|TAMS 0x0000000087100000, 0x0000000087100000| Complete 
| 102|0x0000000087200000, 0x0000000087300000, 0x0000000087300000|100%| E|CS|TAMS 0x0000000087200000, 0x0000000087200000| Complete 
| 103|0x0000000087300000, 0x0000000087400000, 0x0000000087400000|100%| E|CS|TAMS 0x0000000087300000, 0x0000000087300000| Complete 
| 104|0x0000000087400000, 0x0000000087500000, 0x0000000087500000|100%| E|CS|TAMS 0x0000000087400000, 0x0000000087400000| Complete 
| 105|0x0000000087500000, 0x0000000087600000, 0x0000000087600000|100%| E|CS|TAMS 0x0000000087500000, 0x0000000087500000| Complete 
| 106|0x0000000087600000, 0x0000000087700000, 0x0000000087700000|100%| E|CS|TAMS 0x0000000087600000, 0x0000000087600000| Complete 
| 107|0x0000000087700000, 0x0000000087800000, 0x0000000087800000|100%| E|CS|TAMS 0x0000000087700000, 0x0000000087700000| Complete 
| 108|0x0000000087800000, 0x0000000087900000, 0x0000000087900000|100%| E|CS|TAMS 0x0000000087800000, 0x0000000087800000| Complete 
| 109|0x0000000087900000, 0x0000000087a00000, 0x0000000087a00000|100%| E|CS|TAMS 0x0000000087900000, 0x0000000087900000| Complete 
| 110|0x0000000087a00000, 0x0000000087b00000, 0x0000000087b00000|100%| E|CS|TAMS 0x0000000087a00000, 0x0000000087a00000| Complete 
| 111|0x0000000087b00000, 0x0000000087c00000, 0x0000000087c00000|100%| E|CS|TAMS 0x0000000087b00000, 0x0000000087b00000| Complete 
| 112|0x0000000087c00000, 0x0000000087d00000, 0x0000000087d00000|100%| E|CS|TAMS 0x0000000087c00000, 0x0000000087c00000| Complete 
| 113|0x0000000087d00000, 0x0000000087e00000, 0x0000000087e00000|100%| E|CS|TAMS 0x0000000087d00000, 0x0000000087d00000| Complete 
| 114|0x0000000087e00000, 0x0000000087f00000, 0x0000000087f00000|100%| E|CS|TAMS 0x0000000087e00000, 0x0000000087e00000| Complete 
| 115|0x0000000087f00000, 0x0000000088000000, 0x0000000088000000|100%| E|CS|TAMS 0x0000000087f00000, 0x0000000087f00000| Complete 
| 116|0x0000000088000000, 0x0000000088100000, 0x0000000088100000|100%| E|CS|TAMS 0x0000000088000000, 0x0000000088000000| Complete 
| 117|0x0000000088100000, 0x0000000088200000, 0x0000000088200000|100%| E|CS|TAMS 0x0000000088100000, 0x0000000088100000| Complete 
| 118|0x0000000088200000, 0x0000000088300000, 0x0000000088300000|100%| E|CS|TAMS 0x0000000088200000, 0x0000000088200000| Complete 
| 119|0x0000000088300000, 0x0000000088400000, 0x0000000088400000|100%| E|CS|TAMS 0x0000000088300000, 0x0000000088300000| Complete 
| 120|0x0000000088400000, 0x0000000088500000, 0x0000000088500000|100%| E|CS|TAMS 0x0000000088400000, 0x0000000088400000| Complete 
| 121|0x0000000088500000, 0x0000000088600000, 0x0000000088600000|100%| E|CS|TAMS 0x0000000088500000, 0x0000000088500000| Complete 
| 122|0x0000000088600000, 0x0000000088700000, 0x0000000088700000|100%| E|CS|TAMS 0x0000000088600000, 0x0000000088600000| Complete 
| 123|0x0000000088700000, 0x0000000088800000, 0x0000000088800000|100%| E|CS|TAMS 0x0000000088700000, 0x0000000088700000| Complete 
| 124|0x0000000088800000, 0x0000000088900000, 0x0000000088900000|100%| E|CS|TAMS 0x0000000088800000, 0x0000000088800000| Complete 
| 125|0x0000000088900000, 0x0000000088a00000, 0x0000000088a00000|100%| E|CS|TAMS 0x0000000088900000, 0x0000000088900000| Complete 
| 126|0x0000000088a00000, 0x0000000088b00000, 0x0000000088b00000|100%| E|CS|TAMS 0x0000000088a00000, 0x0000000088a00000| Complete 
| 127|0x0000000088b00000, 0x0000000088c00000, 0x0000000088c00000|100%| E|CS|TAMS 0x0000000088b00000, 0x0000000088b00000| Complete 

Card table byte_map: [0x000002a624bf0000,0x000002a624ff0000] _byte_map_base: 0x000002a6247ea000

Marking Bits (Prev, Next): (CMBitMap*) 0x000002a6112b8968, (CMBitMap*) 0x000002a6112b89a0
 Prev Bits: [0x000002a6253f0000, 0x000002a6273c0000)
 Next Bits: [0x000002a6273c0000, 0x000002a629390000)

Polling page: 0x000002a60f990000

Metaspace:

Usage:
  Non-class:     38.71 MB capacity,    38.22 MB ( 99%) used,   384.39 KB ( <1%) free+waste,   117.88 KB ( <1%) overhead. 
      Class:      6.39 MB capacity,     6.00 MB ( 94%) used,   345.02 KB (  5%) free+waste,    56.81 KB ( <1%) overhead. 
       Both:     45.10 MB capacity,    44.22 MB ( 98%) used,   729.41 KB (  2%) free+waste,   174.69 KB ( <1%) overhead. 

Virtual space:
  Non-class space:       40.00 MB reserved,      38.92 MB ( 97%) committed 
      Class space:        1.00 GB reserved,       6.50 MB ( <1%) committed 
             Both:        1.04 GB reserved,      45.42 MB (  4%) committed 

Chunk freelists:
   Non-Class:  23.00 KB
       Class:  16.00 KB
        Both:  39.00 KB

CodeHeap 'non-profiled nmethods': size=120064Kb used=1624Kb max_used=1624Kb free=118439Kb
 bounds [0x000002a61cc90000, 0x000002a61cf00000, 0x000002a6241d0000]
CodeHeap 'profiled nmethods': size=120000Kb used=7285Kb max_used=7285Kb free=112714Kb
 bounds [0x000002a615760000, 0x000002a615e80000, 0x000002a61cc90000]
CodeHeap 'non-nmethods': size=5696Kb used=1473Kb max_used=1510Kb free=4222Kb
 bounds [0x000002a6151d0000, 0x000002a615440000, 0x000002a615760000]
 total_blobs=5332 nmethods=3668 adapters=856
 compilation: enabled
              stopped_count=0, restarted_count=0
 full_count=0

Compilation events (10 events):
Event: 15.232 Thread 0x000002a62b98e000 3666       3       com.sun.javafx.text.TextRun::getGlyphCode (46 bytes)
Event: 15.232 Thread 0x000002a62b98e000 nmethod 3666 0x000002a615e79b10 code [0x000002a615e79ce0, 0x000002a615e79f98]
Event: 15.391 Thread 0x000002a62b98e000 3667   !   3       com.sun.javafx.tk.quantum.PaintCollector::renderAll (381 bytes)
Event: 15.394 Thread 0x000002a62b98e000 nmethod 3667 0x000002a615e7a110 code [0x000002a615e7a420, 0x000002a615e7b960]
Event: 15.620 Thread 0x000002a62b98e000 3668       3       java.util.logging.LogManager::checkPermission (16 bytes)
Event: 15.620 Thread 0x000002a62b98b800 3669       4       jdk.internal.org.objectweb.asm.Type::getArgumentsAndReturnSizes (151 bytes)
Event: 15.620 Thread 0x000002a62b98e000 nmethod 3668 0x000002a615e7bf90 code [0x000002a615e7c160, 0x000002a615e7c4b0]
Event: 15.620 Thread 0x000002a62b98e000 3670       3       java.util.logging.Logger::updateEffectiveLevel (126 bytes)
Event: 15.621 Thread 0x000002a62b98e000 nmethod 3670 0x000002a615e7c610 code [0x000002a615e7c860, 0x000002a615e7d450]
Event: 15.621 Thread 0x000002a62b98e000 3671   !   3       java.util.logging.LogManager$LoggerContext::findLogger (113 bytes)

GC Heap History (8 events):
Event: 0.391 GC heap before
{Heap before GC invocations=0 (full 0):
 garbage-first heap   total 131072K, used 14336K [0x0000000080c00000, 0x0000000100000000)
  region size 1024K, 14 young (14336K), 0 survivors (0K)
 Metaspace       used 4005K, capacity 7011K, committed 7296K, reserved 1056768K
  class space    used 430K, capacity 773K, committed 896K, reserved 1048576K
}
Event: 0.395 GC heap after
{Heap after GC invocations=1 (full 0):
 garbage-first heap   total 131072K, used 4347K [0x0000000080c00000, 0x0000000100000000)
  region size 1024K, 2 young (2048K), 2 survivors (2048K)
 Metaspace       used 4005K, capacity 7011K, committed 7296K, reserved 1056768K
  class space    used 430K, capacity 773K, committed 896K, reserved 1048576K
}
Event: 9.034 GC heap before
{Heap before GC invocations=1 (full 0):
 garbage-first heap   total 131072K, used 59643K [0x0000000080c00000, 0x0000000100000000)
  region size 1024K, 55 young (56320K), 2 survivors (2048K)
 Metaspace       used 16433K, capacity 17239K, committed 17536K, reserved 1064960K
  class space    used 2242K, capacity 2581K, committed 2688K, reserved 1048576K
}
Event: 9.040 GC heap after
{Heap after GC invocations=2 (full 0):
 garbage-first heap   total 131072K, used 11075K [0x0000000080c00000, 0x0000000100000000)
  region size 1024K, 7 young (7168K), 7 survivors (7168K)
 Metaspace       used 16433K, capacity 17239K, committed 17536K, reserved 1064960K
  class space    used 2242K, capacity 2581K, committed 2688K, reserved 1048576K
}
Event: 9.265 GC heap before
{Heap before GC invocations=2 (full 0):
 garbage-first heap   total 131072K, used 46915K [0x0000000080c00000, 0x0000000100000000)
  region size 1024K, 44 young (45056K), 7 survivors (7168K)
 Metaspace       used 20400K, capacity 21180K, committed 21296K, reserved 1067008K
  class space    used 2849K, capacity 3167K, committed 3200K, reserved 1048576K
}
Event: 9.271 GC heap after
{Heap after GC invocations=3 (full 0):
 garbage-first heap   total 131072K, used 12140K [0x0000000080c00000, 0x0000000100000000)
  region size 1024K, 2 young (2048K), 2 survivors (2048K)
 Metaspace       used 20400K, capacity 21180K, committed 21296K, reserved 1067008K
  class space    used 2849K, capacity 3167K, committed 3200K, reserved 1048576K
}
Event: 10.026 GC heap before
{Heap before GC invocations=4 (full 0):
 garbage-first heap   total 131072K, used 53100K [0x0000000080c00000, 0x0000000100000000)
  region size 1024K, 43 young (44032K), 2 survivors (2048K)
 Metaspace       used 34826K, capacity 35772K, committed 35920K, reserved 1081344K
  class space    used 4734K, capacity 5103K, committed 5120K, reserved 1048576K
}
Event: 10.033 GC heap after
{Heap after GC invocations=5 (full 0):
 garbage-first heap   total 131072K, used 16436K [0x0000000080c00000, 0x0000000100000000)
  region size 1024K, 6 young (6144K), 6 survivors (6144K)
 Metaspace       used 34826K, capacity 35772K, committed 35920K, reserved 1081344K
  class space    used 4734K, capacity 5103K, committed 5120K, reserved 1048576K
}

Deoptimization events (10 events):
Event: 10.601 Thread 0x000002a62c94e800 Uncommon trap: trap_request=0xffffff4d fr.pc=0x000002a61cdd5574 relative=0x00000000000001b4
Event: 10.601 Thread 0x000002a62c94e800 Uncommon trap: reason=unstable_if action=reinterpret pc=0x000002a61cdd5574 method=java.util.regex.Pattern$BmpCharProperty.match(Ljava/util/regex/Matcher;ILjava/lang/CharSequence;)Z @ 39 c2
Event: 10.601 Thread 0x000002a62c94e800 DEOPT PACKING pc=0x000002a61cdd5574 sp=0x000000f0837f7640
Event: 10.601 Thread 0x000002a62c94e800 DEOPT UNPACKING pc=0x000002a6151f922f sp=0x000000f0837f7610 mode 2
Event: 10.646 Thread 0x000002a62c94e800 DEOPT PACKING pc=0x000002a615d8a60e sp=0x000000f0837f6670
Event: 10.646 Thread 0x000002a62c94e800 DEOPT UNPACKING pc=0x000002a6151f904e sp=0x000000f0837f5aa0 mode 0
Event: 10.652 Thread 0x000002a62c94e800 Uncommon trap: trap_request=0xffffff4d fr.pc=0x000002a61cd62a88 relative=0x0000000000000068
Event: 10.652 Thread 0x000002a62c94e800 Uncommon trap: reason=unstable_if action=reinterpret pc=0x000002a61cd62a88 method=javafx.scene.Node.updateLocalToParentTransform()V @ 4 c2
Event: 10.652 Thread 0x000002a62c94e800 DEOPT PACKING pc=0x000002a61cd62a88 sp=0x000000f0837fa160
Event: 10.652 Thread 0x000002a62c94e800 DEOPT UNPACKING pc=0x000002a6151f922f sp=0x000000f0837fa0b0 mode 2

Classes redefined (0 events):
No events

Internal exceptions (10 events):
Event: 9.479 Thread 0x000002a62c94e800 Exception <a 'java/lang/NoSuchMethodError'{0x00000000880b1640}: 'java.lang.Object java.lang.invoke.DirectMethodHandle$Holder.invokeStaticInit(java.lang.Object, int, int, int, int)'> (0x00000000880b1640) thrown at [c:/BuildAgent/work/5ff2f6c26000d570/src/h
Event: 9.542 Thread 0x000002a62c94e800 Exception <a 'java/lang/NoSuchMethodError'{0x00000000880c84e0}: 'java.lang.Object java.lang.invoke.DirectMethodHandle$Holder.invokeStatic(java.lang.Object, java.lang.Object, int, int, int, int)'> (0x00000000880c84e0) thrown at [c:/BuildAgent/work/5ff2f6c2
Event: 9.542 Thread 0x000002a62c94e800 Exception <a 'java/lang/NoSuchMethodError'{0x00000000880cbd88}: 'java.lang.Object java.lang.invoke.DirectMethodHandle$Holder.invokeStaticInit(java.lang.Object, java.lang.Object, int, int, int, int)'> (0x00000000880cbd88) thrown at [c:/BuildAgent/work/5ff2
Event: 9.647 Thread 0x000002a62c94e800 Exception <a 'java/lang/NoSuchMethodError'{0x00000000879be320}: 'java.lang.Object java.lang.invoke.DirectMethodHandle$Holder.invokeVirtual(java.lang.Object, java.lang.Object, java.lang.Object)'> (0x00000000879be320) thrown at [c:/BuildAgent/work/5ff2f6c26
Event: 9.804 Thread 0x000002a62c94e800 Exception <a 'java/lang/NoSuchMethodError'{0x0000000086c3c6e8}: 'int java.lang.invoke.DirectMethodHandle$Holder.invokeStaticInit(java.lang.Object, java.lang.Object, java.lang.Object, java.lang.Object)'> (0x0000000086c3c6e8) thrown at [c:/BuildAgent/work/5
Event: 9.805 Thread 0x000002a62c94e800 Exception <a 'java/lang/IncompatibleClassChangeError'{0x0000000086c45d10}: Found class java.lang.Object, but interface was expected> (0x0000000086c45d10) thrown at [c:/BuildAgent/work/5ff2f6c26000d570/src/hotspot/share/interpreter/linkResolver.cpp, line 8
Event: 9.809 Thread 0x000002a62c94e800 Exception <a 'sun/nio/fs/WindowsException'{0x0000000086c74f10}> (0x0000000086c74f10) thrown at [c:/BuildAgent/work/5ff2f6c26000d570/src/hotspot/share/prims/jni.cpp, line 615]
Event: 9.935 Thread 0x000002a62c94e800 Exception <a 'java/lang/NoSuchMethodError'{0x00000000868c8748}: 'void java.lang.invoke.DirectMethodHandle$Holder.invokeVirtual(java.lang.Object, java.lang.Object)'> (0x00000000868c8748) thrown at [c:/BuildAgent/work/5ff2f6c26000d570/src/hotspot/share/inte
Event: 10.418 Thread 0x000002a62c94e800 Exception <a 'java/lang/NoSuchMethodError'{0x0000000087707c20}: 'void java.lang.invoke.DirectMethodHandle$Holder.invokeInterface(java.lang.Object, java.lang.Object)'> (0x0000000087707c20) thrown at [c:/BuildAgent/work/5ff2f6c26000d570/src/hotspot/share/in
Event: 15.621 Thread 0x000002a6341dc800 Exception <a 'java/lang/IllegalStateException'{0x0000000086705a08}> (0x0000000086705a08) thrown at [c:/BuildAgent/work/5ff2f6c26000d570/src/hotspot/share/prims/jvm.cpp, line 1304]

Events (10 events):
Event: 15.619 Executing VM operation: RevokeBias done
Event: 15.619 Executing VM operation: RevokeBias
Event: 15.619 Executing VM operation: RevokeBias done
Event: 15.620 Executing VM operation: RevokeBias
Event: 15.620 Executing VM operation: RevokeBias done
Event: 15.620 Thread 0x000002a6341dd800 Thread exited: 0x000002a6341dd800
Event: 15.620 loading class com/sun/javafx/tk/quantum/QuantumToolkit
Event: 15.620 loading class com/sun/javafx/tk/quantum/QuantumToolkit done
Event: 15.621 Thread 0x000002a62b987800 Thread exited: 0x000002a62b987800
Event: 15.621 Executing VM operation: Exit


Dynamic libraries:
0x00007ff6bf350000 - 0x00007ff6bf397000 	C:\Program Files\IntelliJ IDEA 2019.3\jbr\bin\java.exe
0x00007ff8fa000000 - 0x00007ff8fa1f0000 	C:\WINDOWS\SYSTEM32\ntdll.dll
0x00007ff8f9650000 - 0x00007ff8f9702000 	C:\WINDOWS\System32\KERNEL32.DLL
0x00007ff8f6f90000 - 0x00007ff8f7233000 	C:\WINDOWS\System32\KERNELBASE.dll
0x00007ff8f5150000 - 0x00007ff8f51df000 	C:\WINDOWS\SYSTEM32\apphelp.dll
0x00007ff8f8f00000 - 0x00007ff8f9094000 	C:\WINDOWS\System32\USER32.dll
0x00007ff8f7c30000 - 0x00007ff8f7c51000 	C:\WINDOWS\System32\win32u.dll
0x00007ff8f8ca0000 - 0x00007ff8f8cc6000 	C:\WINDOWS\System32\GDI32.dll
0x00007ff8f7dc0000 - 0x00007ff8f7f54000 	C:\WINDOWS\System32\gdi32full.dll
0x00007ff8f7410000 - 0x00007ff8f74ae000 	C:\WINDOWS\System32\msvcp_win.dll
0x00007ff8f7290000 - 0x00007ff8f738a000 	C:\WINDOWS\System32\ucrtbase.dll
0x00007ff8ea920000 - 0x00007ff8eaba5000 	C:\WINDOWS\WinSxS\amd64_microsoft.windows.common-controls_6595b64144ccf1df_6.0.18362.535_none_e6c3b34713100821\COMCTL32.dll
0x00007ff8f93e0000 - 0x00007ff8f947e000 	C:\WINDOWS\System32\msvcrt.dll
0x00007ff8f90a0000 - 0x00007ff8f93d6000 	C:\WINDOWS\System32\combase.dll
0x00007ff8f9530000 - 0x00007ff8f9650000 	C:\WINDOWS\System32\RPCRT4.dll
0x00007ff8f7390000 - 0x00007ff8f7410000 	C:\WINDOWS\System32\bcryptPrimitives.dll
0x00007ff8f8d40000 - 0x00007ff8f8d6e000 	C:\WINDOWS\System32\IMM32.DLL
0x00007ff8e3e40000 - 0x00007ff8e3e57000 	C:\Program Files\IntelliJ IDEA 2019.3\jbr\bin\vcruntime140.dll
0x00007ff8e3da0000 - 0x00007ff8e3e3d000 	C:\Program Files\IntelliJ IDEA 2019.3\jbr\bin\msvcp140.dll
0x00007ff8babe0000 - 0x00007ff8bb698000 	C:\Program Files\IntelliJ IDEA 2019.3\jbr\bin\server\jvm.dll
0x00007ff8f8200000 - 0x00007ff8f82a3000 	C:\WINDOWS\System32\ADVAPI32.dll
0x00007ff8f8e60000 - 0x00007ff8f8ef7000 	C:\WINDOWS\System32\sechost.dll
0x00007ff8f8ae0000 - 0x00007ff8f8ae8000 	C:\WINDOWS\System32\PSAPI.DLL
0x00007ff8e73f0000 - 0x00007ff8e73f9000 	C:\WINDOWS\SYSTEM32\WSOCK32.dll
0x00007ff8f8d70000 - 0x00007ff8f8ddf000 	C:\WINDOWS\System32\WS2_32.dll
0x00007ff8f4e80000 - 0x00007ff8f4ea4000 	C:\WINDOWS\SYSTEM32\WINMM.dll
0x00007ff8f1be0000 - 0x00007ff8f1bea000 	C:\WINDOWS\SYSTEM32\VERSION.dll
0x00007ff8f4e50000 - 0x00007ff8f4e7d000 	C:\WINDOWS\SYSTEM32\WINMMBASE.dll
0x00007ff8f7240000 - 0x00007ff8f728a000 	C:\WINDOWS\System32\cfgmgr32.dll
0x00007ff8f6f30000 - 0x00007ff8f6f41000 	C:\WINDOWS\System32\kernel.appcore.dll
0x00007ff8d8dc0000 - 0x00007ff8d8dd1000 	C:\Program Files\IntelliJ IDEA 2019.3\jbr\bin\verify.dll
0x00007ff8e5740000 - 0x00007ff8e5934000 	C:\WINDOWS\SYSTEM32\DBGHELP.DLL
0x00007ff8e5bf0000 - 0x00007ff8e5c1a000 	C:\WINDOWS\SYSTEM32\dbgcore.DLL
0x00007ff8d4d70000 - 0x00007ff8d4d99000 	C:\Program Files\IntelliJ IDEA 2019.3\jbr\bin\java.dll
0x00007ff8e3b10000 - 0x00007ff8e3b44000 	C:\Program Files\IntelliJ IDEA 2019.3\jbr\bin\instrument.dll
0x00007ff8d5ff0000 - 0x00007ff8d6007000 	C:\Program Files\IntelliJ IDEA 2019.3\jbr\bin\zip.dll
0x00007ff8e29a0000 - 0x00007ff8e29ab000 	C:\Program Files\IntelliJ IDEA 2019.3\jbr\bin\jimage.dll
0x00007ff8f9870000 - 0x00007ff8f9f55000 	C:\WINDOWS\System32\SHELL32.dll
0x00007ff8f9480000 - 0x00007ff8f9529000 	C:\WINDOWS\System32\shcore.dll
0x00007ff8f74b0000 - 0x00007ff8f7c2f000 	C:\WINDOWS\System32\windows.storage.dll
0x00007ff8f6f50000 - 0x00007ff8f6f6f000 	C:\WINDOWS\System32\profapi.dll
0x00007ff8f6ee0000 - 0x00007ff8f6f2a000 	C:\WINDOWS\System32\powrprof.dll
0x00007ff8f6ed0000 - 0x00007ff8f6ee0000 	C:\WINDOWS\System32\UMPDC.dll
0x00007ff8f8c40000 - 0x00007ff8f8c92000 	C:\WINDOWS\System32\shlwapi.dll
0x00007ff8f7c60000 - 0x00007ff8f7c77000 	C:\WINDOWS\System32\cryptsp.dll
0x00007ff8d50b0000 - 0x00007ff8d50ca000 	C:\Program Files\IntelliJ IDEA 2019.3\jbr\bin\net.dll
0x00007ff8f1e20000 - 0x00007ff8f1f10000 	C:\WINDOWS\SYSTEM32\WINHTTP.dll
0x00007ff8ec360000 - 0x00007ff8ec536000 	C:\WINDOWS\SYSTEM32\urlmon.dll
0x00007ff8ec0b0000 - 0x00007ff8ec356000 	C:\WINDOWS\SYSTEM32\iertutil.dll
0x00007ff8f68b0000 - 0x00007ff8f68bc000 	C:\WINDOWS\SYSTEM32\CRYPTBASE.DLL
0x00007ff8f66e0000 - 0x00007ff8f6747000 	C:\WINDOWS\system32\mswsock.dll
0x00007ff8d4cd0000 - 0x00007ff8d4ce4000 	C:\Program Files\IntelliJ IDEA 2019.3\jbr\bin\nio.dll
0x00007ff8e3af0000 - 0x00007ff8e3b0a000 	C:\Program Files\IntelliJ IDEA 2019.3\bin\breakgen64.dll
0x000002a62cef0000 - 0x000002a62cef3000 	C:\Program Files\IntelliJ IDEA 2019.3\jbr\bin\api-ms-win-core-console-l1-1-0.dll
0x000002a62cf00000 - 0x000002a62cf03000 	C:\Program Files\IntelliJ IDEA 2019.3\jbr\bin\api-ms-win-core-datetime-l1-1-0.dll
0x000002a62cf10000 - 0x000002a62cf13000 	C:\Program Files\IntelliJ IDEA 2019.3\jbr\bin\api-ms-win-core-debug-l1-1-0.dll
0x000002a62cf20000 - 0x000002a62cf23000 	C:\Program Files\IntelliJ IDEA 2019.3\jbr\bin\api-ms-win-core-errorhandling-l1-1-0.dll
0x000002a62cf30000 - 0x000002a62cf34000 	C:\Program Files\IntelliJ IDEA 2019.3\jbr\bin\api-ms-win-core-file-l1-1-0.dll
0x000002a62cf40000 - 0x000002a62cf43000 	C:\Program Files\IntelliJ IDEA 2019.3\jbr\bin\api-ms-win-core-file-l1-2-0.dll
0x000002a62cf50000 - 0x000002a62cf53000 	C:\Program Files\IntelliJ IDEA 2019.3\jbr\bin\api-ms-win-core-file-l2-1-0.dll
0x000002a62cf60000 - 0x000002a62cf63000 	C:\Program Files\IntelliJ IDEA 2019.3\jbr\bin\api-ms-win-core-handle-l1-1-0.dll
0x000002a62cf70000 - 0x000002a62cf73000 	C:\Program Files\IntelliJ IDEA 2019.3\jbr\bin\api-ms-win-core-heap-l1-1-0.dll
0x000002a62cf80000 - 0x000002a62cf83000 	C:\Program Files\IntelliJ IDEA 2019.3\jbr\bin\api-ms-win-core-interlocked-l1-1-0.dll
0x000002a62cf90000 - 0x000002a62cf93000 	C:\Program Files\IntelliJ IDEA 2019.3\jbr\bin\api-ms-win-core-libraryloader-l1-1-0.dll
0x000002a62cfa0000 - 0x000002a62cfa3000 	C:\Program Files\IntelliJ IDEA 2019.3\jbr\bin\api-ms-win-core-localization-l1-2-0.dll
0x000002a62cfb0000 - 0x000002a62cfb3000 	C:\Program Files\IntelliJ IDEA 2019.3\jbr\bin\api-ms-win-core-memory-l1-1-0.dll
0x000002a62cfc0000 - 0x000002a62cfc3000 	C:\Program Files\IntelliJ IDEA 2019.3\jbr\bin\api-ms-win-core-namedpipe-l1-1-0.dll
0x000002a62cfd0000 - 0x000002a62cfd3000 	C:\Program Files\IntelliJ IDEA 2019.3\jbr\bin\api-ms-win-core-processenvironment-l1-1-0.dll
0x000002a62cfe0000 - 0x000002a62cfe3000 	C:\Program Files\IntelliJ IDEA 2019.3\jbr\bin\api-ms-win-core-processthreads-l1-1-0.dll
0x000002a62cff0000 - 0x000002a62cff3000 	C:\Program Files\IntelliJ IDEA 2019.3\jbr\bin\api-ms-win-core-processthreads-l1-1-1.dll
0x000002a62d000000 - 0x000002a62d003000 	C:\Program Files\IntelliJ IDEA 2019.3\jbr\bin\api-ms-win-core-profile-l1-1-0.dll
0x000002a62d010000 - 0x000002a62d013000 	C:\Program Files\IntelliJ IDEA 2019.3\jbr\bin\api-ms-win-core-rtlsupport-l1-1-0.dll
0x000002a62d020000 - 0x000002a62d023000 	C:\Program Files\IntelliJ IDEA 2019.3\jbr\bin\api-ms-win-core-string-l1-1-0.dll
0x000002a62d030000 - 0x000002a62d033000 	C:\Program Files\IntelliJ IDEA 2019.3\jbr\bin\api-ms-win-core-synch-l1-1-0.dll
0x000002a62d040000 - 0x000002a62d043000 	C:\Program Files\IntelliJ IDEA 2019.3\jbr\bin\api-ms-win-core-synch-l1-2-0.dll
0x000002a62d050000 - 0x000002a62d053000 	C:\Program Files\IntelliJ IDEA 2019.3\jbr\bin\api-ms-win-core-sysinfo-l1-1-0.dll
0x000002a62d060000 - 0x000002a62d063000 	C:\Program Files\IntelliJ IDEA 2019.3\jbr\bin\api-ms-win-core-timezone-l1-1-0.dll
0x000002a62d070000 - 0x000002a62d073000 	C:\Program Files\IntelliJ IDEA 2019.3\jbr\bin\api-ms-win-core-util-l1-1-0.dll
0x000002a62d080000 - 0x000002a62d083000 	C:\Program Files\IntelliJ IDEA 2019.3\jbr\bin\api-ms-win-crt-conio-l1-1-0.dll
0x000002a62d090000 - 0x000002a62d094000 	C:\Program Files\IntelliJ IDEA 2019.3\jbr\bin\api-ms-win-crt-convert-l1-1-0.dll
0x000002a62d0a0000 - 0x000002a62d0a3000 	C:\Program Files\IntelliJ IDEA 2019.3\jbr\bin\api-ms-win-crt-environment-l1-1-0.dll
0x000002a62d0b0000 - 0x000002a62d0b3000 	C:\Program Files\IntelliJ IDEA 2019.3\jbr\bin\api-ms-win-crt-filesystem-l1-1-0.dll
0x000002a62d0c0000 - 0x000002a62d0c3000 	C:\Program Files\IntelliJ IDEA 2019.3\jbr\bin\api-ms-win-crt-heap-l1-1-0.dll
0x000002a62d0d0000 - 0x000002a62d0d3000 	C:\Program Files\IntelliJ IDEA 2019.3\jbr\bin\api-ms-win-crt-locale-l1-1-0.dll
0x000002a62d0e0000 - 0x000002a62d0e5000 	C:\Program Files\IntelliJ IDEA 2019.3\jbr\bin\api-ms-win-crt-math-l1-1-0.dll
0x000002a62d0f0000 - 0x000002a62d0f5000 	C:\Program Files\IntelliJ IDEA 2019.3\jbr\bin\api-ms-win-crt-multibyte-l1-1-0.dll
0x000002a62d100000 - 0x000002a62d110000 	C:\Program Files\IntelliJ IDEA 2019.3\jbr\bin\api-ms-win-crt-private-l1-1-0.dll
0x000002a62d110000 - 0x000002a62d113000 	C:\Program Files\IntelliJ IDEA 2019.3\jbr\bin\api-ms-win-crt-process-l1-1-0.dll
0x000002a62d120000 - 0x000002a62d124000 	C:\Program Files\IntelliJ IDEA 2019.3\jbr\bin\api-ms-win-crt-runtime-l1-1-0.dll
0x000002a62d130000 - 0x000002a62d134000 	C:\Program Files\IntelliJ IDEA 2019.3\jbr\bin\api-ms-win-crt-stdio-l1-1-0.dll
0x000002a62d140000 - 0x000002a62d144000 	C:\Program Files\IntelliJ IDEA 2019.3\jbr\bin\api-ms-win-crt-string-l1-1-0.dll
0x000002a62d150000 - 0x000002a62d153000 	C:\Program Files\IntelliJ IDEA 2019.3\jbr\bin\api-ms-win-crt-time-l1-1-0.dll
0x000002a62d160000 - 0x000002a62d163000 	C:\Program Files\IntelliJ IDEA 2019.3\jbr\bin\api-ms-win-crt-utility-l1-1-0.dll
0x00007ff8d22d0000 - 0x00007ff8d23ca000 	C:\Program Files\IntelliJ IDEA 2019.3\jbr\bin\ucrtbase.dll
0x00007ff8d4f90000 - 0x00007ff8d4fe1000 	C:\Windows\System32\concrt140.dll
0x00007ff8d6020000 - 0x00007ff8d6043000 	C:\Program Files\IntelliJ IDEA 2019.3\jbr\bin\prism_d3d.dll
0x00007ff8ebe20000 - 0x00007ff8ebfe7000 	C:\WINDOWS\system32\d3d9.dll
0x00007ff8f5840000 - 0x00007ff8f586d000 	C:\WINDOWS\SYSTEM32\dwmapi.dll
0x00007ff8f5b40000 - 0x00007ff8f5b60000 	C:\WINDOWS\SYSTEM32\dxcore.dll
0x00007ff8f5250000 - 0x00007ff8f52e9000 	C:\WINDOWS\system32\uxtheme.dll
0x00007ff8ef9b0000 - 0x00007ff8efa9e000 	C:\WINDOWS\System32\DriverStore\FileRepository\nv_dispi.inf_amd64_90685a092bcf58c7\nvldumdx.dll
0x00007ff8f7f60000 - 0x00007ff8f80a9000 	C:\WINDOWS\System32\crypt32.dll
0x00007ff8f6f70000 - 0x00007ff8f6f82000 	C:\WINDOWS\System32\MSASN1.dll
0x00007ff8f7c80000 - 0x00007ff8f7cdc000 	C:\WINDOWS\System32\WINTRUST.DLL
0x00007ff8f83d0000 - 0x00007ff8f83ed000 	C:\WINDOWS\System32\imagehlp.dll
0x00007ff8f6250000 - 0x00007ff8f6283000 	C:\WINDOWS\system32\rsaenh.dll
0x00007ff8f7ce0000 - 0x00007ff8f7d06000 	C:\WINDOWS\System32\bcrypt.dll
0x00007ff8a6560000 - 0x00007ff8a79fb000 	C:\WINDOWS\System32\DriverStore\FileRepository\nv_dispi.inf_amd64_90685a092bcf58c7\nvd3dumx.dll
0x00007ff8d4b70000 - 0x00007ff8d4bb5000 	C:\Program Files\IntelliJ IDEA 2019.3\jbr\bin\glass.dll
0x00007ff8f80b0000 - 0x00007ff8f8180000 	C:\WINDOWS\System32\COMDLG32.dll
0x00007ff8f9710000 - 0x00007ff8f9866000 	C:\WINDOWS\System32\ole32.dll
0x00007ff8f8860000 - 0x00007ff8f8924000 	C:\WINDOWS\System32\OLEAUT32.dll
0x00007ff8f8b00000 - 0x00007ff8f8c35000 	C:\WINDOWS\System32\MSCTF.dll
0x00007ff8f5af0000 - 0x00007ff8f5b12000 	C:\WINDOWS\SYSTEM32\gpapi.dll
0x00007ff8c4e20000 - 0x00007ff8c4e4f000 	C:\WINDOWS\SYSTEM32\cryptnet.dll
0x00007ff8dbaa0000 - 0x00007ff8dbab4000 	C:\Program Files\IntelliJ IDEA 2019.3\jbr\bin\javafx_font.dll
0x00007ff8e4150000 - 0x00007ff8e42f1000 	C:\Program Files\IntelliJ IDEA 2019.3\jbr\bin\awt.dll
0x00007ff8f3b60000 - 0x00007ff8f4120000 	C:\WINDOWS\SYSTEM32\d2d1.dll
0x00007ff8e40c0000 - 0x00007ff8e4142000 	C:\Program Files\IntelliJ IDEA 2019.3\jbr\bin\freetype.dll
0x00007ff8e3eb0000 - 0x00007ff8e3f58000 	C:\Program Files\IntelliJ IDEA 2019.3\jbr\bin\fontmanager.dll
0x00007ff8e0c10000 - 0x00007ff8e0f0e000 	C:\WINDOWS\SYSTEM32\dwrite.dll
0x00007ff8f82b0000 - 0x00007ff8f8352000 	C:\WINDOWS\System32\clbcatq.dll
0x00007ff8f1bf0000 - 0x00007ff8f1d9f000 	C:\WINDOWS\SYSTEM32\WindowsCodecs.dll
0x00007ff8e7bf0000 - 0x00007ff8e7c2a000 	C:\WINDOWS\system32\dataexchange.dll
0x00007ff8f47f0000 - 0x00007ff8f49cb000 	C:\WINDOWS\system32\dcomp.dll
0x00007ff8f4580000 - 0x00007ff8f47db000 	C:\WINDOWS\system32\d3d11.dll
0x00007ff8f5bd0000 - 0x00007ff8f5cbb000 	C:\WINDOWS\system32\dxgi.dll
0x00007ff8f5310000 - 0x00007ff8f556a000 	C:\WINDOWS\system32\twinapi.appcore.dll

dbghelp: loaded successfully - version: 4.0.5 - missing functions: none
symbol engine: initialized successfully - sym options: 0x614 - pdb path: .;C:\Program Files\IntelliJ IDEA 2019.3\jbr\bin;C:\WINDOWS\SYSTEM32;C:\WINDOWS\WinSxS\amd64_microsoft.windows.common-controls_6595b64144ccf1df_6.0.18362.535_none_e6c3b34713100821;C:\Program Files\IntelliJ IDEA 2019.3\jbr\bin\server;C:\Program Files\IntelliJ IDEA 2019.3\bin;C:\WINDOWS\System32\DriverStore\FileRepository\nv_dispi.inf_amd64_90685a092bcf58c7;C:\Program Files\Common Files\Microsoft Shared\Ink

VM Arguments:
jvm_args: -javaagent:C:\Program Files\IntelliJ IDEA 2019.3\lib\idea_rt.jar=55837:C:\Program Files\IntelliJ IDEA 2019.3\bin -Dfile.encoding=UTF-8 
java_command: Main.Main
java_class_path (initial): C:\Users\andre\IdeaProjects\UniversityProject\target\classes;C:\Users\andre\.m2\repository\org\hibernate\hibernate-core\5.4.10.Final\hibernate-core-5.4.10.Final.jar;C:\Users\andre\.m2\repository\org\jboss\logging\jboss-logging\3.3.2.Final\jboss-logging-3.3.2.Final.jar;C:\Users\andre\.m2\repository\javax\persistence\javax.persistence-api\2.2\javax.persistence-api-2.2.jar;C:\Users\andre\.m2\repository\org\javassist\javassist\3.24.0-GA\javassist-3.24.0-GA.jar;C:\Users\andre\.m2\repository\net\bytebuddy\byte-buddy\1.10.2\byte-buddy-1.10.2.jar;C:\Users\andre\.m2\repository\antlr\antlr\2.7.7\antlr-2.7.7.jar;C:\Users\andre\.m2\repository\org\jboss\spec\javax\transaction\jboss-transaction-api_1.2_spec\1.1.1.Final\jboss-transaction-api_1.2_spec-1.1.1.Final.jar;C:\Users\andre\.m2\repository\org\jboss\jandex\2.1.1.Final\jandex-2.1.1.Final.jar;C:\Users\andre\.m2\repository\com\fasterxml\classmate\1.5.1\classmate-1.5.1.jar;C:\Users\andre\.m2\repository\javax\activation\javax.activation-api\1.2.0\javax.activation-api-1.2.0.jar;C:\Users\andre\.m2\repository\org\dom4j\dom4j\2.1.1\dom4j-2.1.1.jar;C:\Users\andre\.m2\repository\org\hibernate\common\hibernate-commons-annotations\5.1.0.Final\hibernate-commons-annotations-5.1.0.Final.jar;C:\Users\andre\.m2\repository\javax\xml\bind\jaxb-api\2.3.1\jaxb-api-2.3.1.jar;C:\Users\andre\.m2\repository\org\glassfish\jaxb\jaxb-runtime\2.3.1\jaxb-runtime-2.3.1.jar;C:\Users\andre\.m2\repository\org\glassfish\jaxb\txw2\2.3.1\txw2-2.3.1.jar;C:\Users\andre\.m2\repository\com\sun\istack\istack-commons-runtime\3.0.7\istack-commons-runtime-3.0.7.jar;C:\Users\andre\.m2\repository\org\jvnet\staxex\stax-ex\1.8\stax-ex-1.8.jar;C:\Users\andre\.m2\repository\com\sun\xml\fastinfoset\FastInfoset\1.2.15\FastInfoset-1.2.15.jar;C:\Users\andre\.m2\repository\mysql\mysql-connector-java\8.0.18\mysql-connector-java-8.0.18.jar;C:\Users\andre\.m2\repository\com\google\protobuf\protobuf-java\3.6.1\protobuf-java-3.6.1.jar
Launcher Type: SUN_STANDARD

[Global flags]
     intx CICompilerCount                          = 3                                         {product} {ergonomic}
     uint ConcGCThreads                            = 1                                         {product} {ergonomic}
     uint G1ConcRefinementThreads                  = 4                                         {product} {ergonomic}
   size_t G1HeapRegionSize                         = 1048576                                   {product} {ergonomic}
    uintx GCDrainStackTargetSize                   = 64                                        {product} {ergonomic}
   size_t InitialHeapSize                          = 134217728                                 {product} {ergonomic}
   size_t MarkStackSize                            = 4194304                                   {product} {ergonomic}
   size_t MaxHeapSize                              = 2134900736                                {product} {ergonomic}
   size_t MaxNewSize                               = 1280311296                                {product} {ergonomic}
   size_t MinHeapDeltaBytes                        = 1048576                                   {product} {ergonomic}
    uintx NonNMethodCodeHeapSize                   = 5830092                                {pd product} {ergonomic}
    uintx NonProfiledCodeHeapSize                  = 122914074                              {pd product} {ergonomic}
    uintx ProfiledCodeHeapSize                     = 122914074                              {pd product} {ergonomic}
    uintx ReservedCodeCacheSize                    = 251658240                              {pd product} {ergonomic}
     bool SegmentedCodeCache                       = true                                      {product} {ergonomic}
     bool UseCompressedClassPointers               = true                                 {lp64_product} {ergonomic}
     bool UseCompressedOops                        = true                                 {lp64_product} {ergonomic}
     bool UseG1GC                                  = true                                      {product} {ergonomic}
     bool UseLargePagesIndividualAllocation        = false                                  {pd product} {ergonomic}

Logging:
Log output configuration:
 #0: stdout all=warning uptime,level,tags
 #1: stderr all=off uptime,level,tags

Environment Variables:
PATH=C:\WINDOWS\system32;C:\WINDOWS;C:\WINDOWS\System32\Wbem;C:\WINDOWS\System32\WindowsPowerShell\v1.0\;C:\WINDOWS\System32\OpenSSH\;C:\Program Files\Git\cmd;C:\Program Files\MySQL\MySQL Shell 8.0\bin\;C:\Users\andre\AppData\Local\Microsoft\WindowsApps;
USERNAME=andre
OS=Windows_NT
PROCESSOR_IDENTIFIER=Intel64 Family 6 Model 60 Stepping 3, GenuineIntel



---------------  S Y S T E M  ---------------

OS: Windows 10 , 64 bit Build 18362 (10.0.18362.329)

CPU:total 4 (initial active 4) (4 cores per cpu, 1 threads per core) family 6 model 60 stepping 3, cmov, cx8, fxsr, mmx, sse, sse2, sse3, ssse3, sse4.1, sse4.2, popcnt, avx, avx2, aes, clmul, erms, lzcnt, tsc, tscinvbit, bmi1, bmi2, fma

Memory: 4k page, system-wide physical 8143M (3090M free)
TotalPageFile size 10063M (AvailPageFile size 2128M)
current process WorkingSet (physical memory assigned to process): 220M, peak: 246M
current process commit charge ("private bytes"): 310M, peak: 332M

vm_info: OpenJDK 64-Bit Server VM (11.0.4+10-b520.11) for windows-amd64 JRE (11.0.4+10-b520.11), built on Nov 16 2019 04:35:14 by "" with MS VC++ 14.0 (VS2015)

END.
